<?xml version="1.0" encoding="UTF-8"?>
<testng-results skipped="0" failed="0" total="1" passed="1">
  <reporter-output>
  </reporter-output>
  <suite name="Default suite" duration-ms="90414" started-at="2016-10-04T16:29:14Z" finished-at="2016-10-04T16:30:44Z">
    <groups>
    </groups>
    <test name="Default test" duration-ms="90414" started-at="2016-10-04T16:29:14Z" finished-at="2016-10-04T16:30:44Z">
      <class name="GhostModule">
        <test-method status="PASS" signature="setUp()[pri:0, instance:GhostModule@26be92ad]" name="setUp" is-config="true" duration-ms="7391" started-at="2016-10-04T11:29:14Z" finished-at="2016-10-04T11:29:21Z">
          <reporter-output>
          </reporter-output>
        </test-method> <!-- setUp -->
        <test-method status="PASS" signature="Login()[pri:0, instance:GhostModule@26be92ad]" name="Login" duration-ms="82952" started-at="2016-10-04T11:29:21Z" finished-at="2016-10-04T11:30:44Z">
          <reporter-output>
          </reporter-output>
        </test-method> <!-- Login -->
        <test-method status="FAIL" signature="tearDown(org.testng.ITestResult)[pri:0, instance:GhostModule@26be92ad]" name="tearDown" is-config="true" duration-ms="0" started-at="2016-10-04T11:30:44Z" finished-at="2016-10-04T11:30:44Z">
          <params>
            <param index="0">
              <value>
                <![CDATA[[TestResult name=Login status=SUCCESS method=GhostModule.Login()[pri:0, instance:GhostModule@26be92ad] output={null}]]]>
              </value>
            </param>
          </params>
          <exception class="java.lang.NullPointerException">
            <full-stacktrace>
              <![CDATA[java.lang.NullPointerException
	at com.relevantcodes.extentreports.HTMLReporter.updateSuiteExecutionTime(HTMLReporter.java:193)
	at com.relevantcodes.extentreports.HTMLReporter.flush(HTMLReporter.java:160)
	at com.relevantcodes.extentreports.Report.flush(Report.java:97)
	at com.relevantcodes.extentreports.ExtentReports.flush(ExtentReports.java:223)
	at GhostModule.tearDown(GhostModule.java:296)
	at sun.reflect.NativeMethodAccessorImpl.invoke0(Native Method)
	at sun.reflect.NativeMethodAccessorImpl.invoke(NativeMethodAccessorImpl.java:62)
	at sun.reflect.DelegatingMethodAccessorImpl.invoke(DelegatingMethodAccessorImpl.java:43)
	at java.lang.reflect.Method.invoke(Method.java:498)
	at org.testng.internal.MethodInvocationHelper.invokeMethod(MethodInvocationHelper.java:86)
	at org.testng.internal.Invoker.invokeConfigurationMethod(Invoker.java:514)
	at org.testng.internal.Invoker.invokeConfigurations(Invoker.java:215)
	at org.testng.internal.Invoker.invokeMethod(Invoker.java:707)
	at org.testng.internal.Invoker.invokeTestMethod(Invoker.java:820)
	at org.testng.internal.Invoker.invokeTestMethods(Invoker.java:1128)
	at org.testng.internal.TestMethodWorker.invokeTestMethods(TestMethodWorker.java:129)
	at org.testng.internal.TestMethodWorker.run(TestMethodWorker.java:112)
	at org.testng.TestRunner.privateRun(TestRunner.java:782)
	at org.testng.TestRunner.run(TestRunner.java:632)
	at org.testng.SuiteRunner.runTest(SuiteRunner.java:366)
	at org.testng.SuiteRunner.runSequentially(SuiteRunner.java:361)
	at org.testng.SuiteRunner.privateRun(SuiteRunner.java:319)
	at org.testng.SuiteRunner.run(SuiteRunner.java:268)
	at org.testng.SuiteRunnerWorker.runSuite(SuiteRunnerWorker.java:52)
	at org.testng.SuiteRunnerWorker.run(SuiteRunnerWorker.java:86)
	at org.testng.TestNG.runSuitesSequentially(TestNG.java:1244)
	at org.testng.TestNG.runSuitesLocally(TestNG.java:1169)
	at org.testng.TestNG.run(TestNG.java:1064)
	at org.testng.remote.AbstractRemoteTestNG.run(AbstractRemoteTestNG.java:132)
	at org.testng.remote.RemoteTestNG.initAndRun(RemoteTestNG.java:236)
	at org.testng.remote.RemoteTestNG.main(RemoteTestNG.java:81)
]]>
            </full-stacktrace>
          </exception> <!-- java.lang.NullPointerException -->
          <reporter-output>
          </reporter-output>
        </test-method> <!-- tearDown -->
      </class> <!-- GhostModule -->
    </test> <!-- Default test -->
  </suite> <!-- Default suite -->
</testng-results>
