<?xml version="1.0" encoding="UTF-8"?>
<testng-results skipped="0" failed="0" total="1" passed="1">
  <reporter-output>
  </reporter-output>
  <suite name="Default suite" duration-ms="81548" started-at="2016-10-04T18:31:35Z" finished-at="2016-10-04T18:32:57Z">
    <groups>
    </groups>
    <test name="Default test" duration-ms="81548" started-at="2016-10-04T18:31:35Z" finished-at="2016-10-04T18:32:57Z">
      <class name="GhostModule">
        <test-method status="PASS" signature="setUp()[pri:0, instance:GhostModule@26be92ad]" name="setUp" is-config="true" duration-ms="6665" started-at="2016-10-04T13:31:35Z" finished-at="2016-10-04T13:31:42Z">
          <reporter-output>
          </reporter-output>
        </test-method> <!-- setUp -->
        <test-method status="PASS" signature="Login()[pri:0, instance:GhostModule@26be92ad]" name="Login" duration-ms="74861" started-at="2016-10-04T13:31:42Z" finished-at="2016-10-04T13:32:57Z">
          <reporter-output>
          </reporter-output>
        </test-method> <!-- Login -->
        <test-method status="PASS" signature="tearDown(org.testng.ITestResult)[pri:0, instance:GhostModule@26be92ad]" name="tearDown" is-config="true" duration-ms="1" started-at="2016-10-04T13:32:57Z" finished-at="2016-10-04T13:32:57Z">
          <params>
            <param index="0">
              <value>
                <![CDATA[[TestResult name=Login status=SUCCESS method=GhostModule.Login()[pri:0, instance:GhostModule@26be92ad] output={null}]]]>
              </value>
            </param>
          </params>
          <reporter-output>
          </reporter-output>
        </test-method> <!-- tearDown -->
      </class> <!-- GhostModule -->
    </test> <!-- Default test -->
  </suite> <!-- Default suite -->
</testng-results>
